=== MCTSAgent Demo (2025-11-23 11:42:41) ===

   0 1 2 3 4 5 6 7
0  . . . . . . . .
1  . . . . . . . .
2  . . . . . . . .
3  . . . W B . . .
4  . . . B W . . .
5  . . . . . . . .
6  . . . . . . . .
7  . . . . . . . .
Move 1: BLACK played (3, 2), Eval=0.08

   0 1 2 3 4 5 6 7
0  . . . . . . . .
1  . . . . . . . .
2  . . . . . . . .
3  . . B B B . . .
4  . . . B W . . .
5  . . . . . . . .
6  . . . . . . . .
7  . . . . . . . .
Move 2: WHITE played (2, 2), Eval=0.48

   0 1 2 3 4 5 6 7
0  . . . . . . . .
1  . . . . . . . .
2  . . W . . . . .
3  . . B W B . . .
4  . . . B W . . .
5  . . . . . . . .
6  . . . . . . . .
7  . . . . . . . .
Move 3: BLACK played (2, 3), Eval=0.94

   0 1 2 3 4 5 6 7
0  . . . . . . . .
1  . . . . . . . .
2  . . W B . . . .
3  . . B B B . . .
4  . . . B W . . .
5  . . . . . . . .
6  . . . . . . . .
7  . . . . . . . .
Move 4: WHITE played (4, 2), Eval=0.05

   0 1 2 3 4 5 6 7
0  . . . . . . . .
1  . . . . . . . .
2  . . W B . . . .
3  . . W B B . . .
4  . . W W W . . .
5  . . . . . . . .
6  . . . . . . . .
7  . . . . . . . .
Move 5: BLACK played (5, 1), Eval=0.03

   0 1 2 3 4 5 6 7
0  . . . . . . . .
1  . . . . . . . .
2  . . W B . . . .
3  . . W B B . . .
4  . . B W W . . .
5  . B . . . . . .
6  . . . . . . . .
7  . . . . . . . .
Move 6: WHITE played (3, 5), Eval=0.93

   0 1 2 3 4 5 6 7
0  . . . . . . . .
1  . . . . . . . .
2  . . W B . . . .
3  . . W W W W . .
4  . . B W W . . .
5  . B . . . . . .
6  . . . . . . . .
7  . . . . . . . .
Move 7: BLACK played (2, 1), Eval=0.04

   0 1 2 3 4 5 6 7
0  . . . . . . . .
1  . . . . . . . .
2  . B B B . . . .
3  . . W W W W . .
4  . . B W W . . .
5  . B . . . . . .
6  . . . . . . . .
7  . . . . . . . .
Move 8: WHITE played (4, 1), Eval=0.03

   0 1 2 3 4 5 6 7
0  . . . . . . . .
1  . . . . . . . .
2  . B B B . . . .
3  . . W W W W . .
4  . W W W W . . .
5  . B . . . . . .
6  . . . . . . . .
7  . . . . . . . .
Move 9: BLACK played (5, 5), Eval=0.04

   0 1 2 3 4 5 6 7
0  . . . . . . . .
1  . . . . . . . .
2  . B B B . . . .
3  . . W B W W . .
4  . W W W B . . .
5  . B . . . B . .
6  . . . . . . . .
7  . . . . . . . .
Move 10: WHITE played (5, 3), Eval=0.95

   0 1 2 3 4 5 6 7
0  . . . . . . . .
1  . . . . . . . .
2  . B B B . . . .
3  . . W B W W . .
4  . W W W W . . .
5  . B . W . B . .
6  . . . . . . . .
7  . . . . . . . .
Move 11: BLACK played (3, 1), Eval=0.99

   0 1 2 3 4 5 6 7
0  . . . . . . . .
1  . . . . . . . .
2  . B B B . . . .
3  . B B B W W . .
4  . B W W W . . .
5  . B . W . B . .
6  . . . . . . . .
7  . . . . . . . .
Move 12: WHITE played (1, 0), Eval=0.00

   0 1 2 3 4 5 6 7
0  . . . . . . . .
1  W . . . . . . .
2  . W B B . . . .
3  . B W B W W . .
4  . B W W W . . .
5  . B . W . B . .
6  . . . . . . . .
7  . . . . . . . .
Move 13: BLACK played (6, 4), Eval=0.03

   0 1 2 3 4 5 6 7
0  . . . . . . . .
1  W . . . . . . .
2  . W B B . . . .
3  . B W B W W . .
4  . B B W W . . .
5  . B . B . B . .
6  . . . . B . . .
7  . . . . . . . .
Move 14: WHITE played (2, 4), Eval=0.02

   0 1 2 3 4 5 6 7
0  . . . . . . . .
1  W . . . . . . .
2  . W W W W . . .
3  . B W B W W . .
4  . B B W W . . .
5  . B . B . B . .
6  . . . . B . . .
7  . . . . . . . .
Move 15: BLACK played (3, 6), Eval=0.98

   0 1 2 3 4 5 6 7
0  . . . . . . . .
1  W . . . . . . .
2  . W W W W . . .
3  . B W B B B B .
4  . B B W W . . .
5  . B . B . B . .
6  . . . . B . . .
7  . . . . . . . .
Move 16: WHITE played (3, 0), Eval=0.01

   0 1 2 3 4 5 6 7
0  . . . . . . . .
1  W . . . . . . .
2  . W W W W . . .
3  W W W B B B B .
4  . B B W W . . .
5  . B . B . B . .
6  . . . . B . . .
7  . . . . . . . .
Move 17: BLACK played (1, 5), Eval=0.02

   0 1 2 3 4 5 6 7
0  . . . . . . . .
1  W . . . . B . .
2  . W W W B . . .
3  W W W B B B B .
4  . B B W W . . .
5  . B . B . B . .
6  . . . . B . . .
7  . . . . . . . .
Move 18: WHITE played (6, 6), Eval=0.97

   0 1 2 3 4 5 6 7
0  . . . . . . . .
1  W . . . . B . .
2  . W W W B . . .
3  W W W B B B B .
4  . B B W W . . .
5  . B . B . W . .
6  . . . . B . W .
7  . . . . . . . .
Move 19: BLACK played (1, 1), Eval=0.02

   0 1 2 3 4 5 6 7
0  . . . . . . . .
1  W B . . . B . .
2  . B B W B . . .
3  W B W B B B B .
4  . B B W W . . .
5  . B . B . W . .
6  . . . . B . W .
7  . . . . . . . .
Move 20: WHITE played (0, 0), Eval=0.03

   0 1 2 3 4 5 6 7
0  W . . . . . . .
1  W W . . . B . .
2  . B W W B . . .
3  W B W W B B B .
4  . B B W W . . .
5  . B . B . W . .
6  . . . . B . W .
7  . . . . . . . .
Game Over — BLACK: 12, WHITE: 12, Winner: DRAW
