=== MinimaxAgent Demo (2025-11-23 11:42:36) ===

   0 1 2 3 4 5 6 7
0  . . . . . . . .
1  . . . . . . . .
2  . . . . . . . .
3  . . . W B . . .
4  . . . B W . . .
5  . . . . . . . .
6  . . . . . . . .
7  . . . . . . . .
Move 1: BLACK played (2, 3), Eval=12.00

   0 1 2 3 4 5 6 7
0  . . . . . . . .
1  . . . . . . . .
2  . . . B . . . .
3  . . . B B . . .
4  . . . B W . . .
5  . . . . . . . .
6  . . . . . . . .
7  . . . . . . . .
Move 2: WHITE played (4, 2), Eval=-5.00

   0 1 2 3 4 5 6 7
0  . . . . . . . .
1  . . . . . . . .
2  . . . B . . . .
3  . . . B B . . .
4  . . W W W . . .
5  . . . . . . . .
6  . . . . . . . .
7  . . . . . . . .
Move 3: BLACK played (5, 4), Eval=7.00

   0 1 2 3 4 5 6 7
0  . . . . . . . .
1  . . . . . . . .
2  . . . B . . . .
3  . . . B B . . .
4  . . W W B . . .
5  . . . . B . . .
6  . . . . . . . .
7  . . . . . . . .
Move 4: WHITE played (1, 3), Eval=-3.00

   0 1 2 3 4 5 6 7
0  . . . . . . . .
1  . . . W . . . .
2  . . . W . . . .
3  . . . W B . . .
4  . . W W B . . .
5  . . . . B . . .
6  . . . . . . . .
7  . . . . . . . .
Move 5: BLACK played (1, 2), Eval=12.00

   0 1 2 3 4 5 6 7
0  . . . . . . . .
1  . . B W . . . .
2  . . . B . . . .
3  . . . W B . . .
4  . . W W B . . .
5  . . . . B . . .
6  . . . . . . . .
7  . . . . . . . .
Move 6: WHITE played (2, 5), Eval=7.00

   0 1 2 3 4 5 6 7
0  . . . . . . . .
1  . . B W . . . .
2  . . . B . W . .
3  . . . W W . . .
4  . . W W B . . .
5  . . . . B . . .
6  . . . . . . . .
7  . . . . . . . .
Move 7: BLACK played (0, 3), Eval=16.00

   0 1 2 3 4 5 6 7
0  . . . B . . . .
1  . . B B . . . .
2  . . . B . W . .
3  . . . W W . . .
4  . . W W B . . .
5  . . . . B . . .
6  . . . . . . . .
7  . . . . . . . .
Move 8: WHITE played (4, 5), Eval=-5.00

   0 1 2 3 4 5 6 7
0  . . . B . . . .
1  . . B B . . . .
2  . . . B . W . .
3  . . . W W . . .
4  . . W W W W . .
5  . . . . B . . .
6  . . . . . . . .
7  . . . . . . . .
Move 9: BLACK played (5, 3), Eval=8.00

   0 1 2 3 4 5 6 7
0  . . . B . . . .
1  . . B B . . . .
2  . . . B . W . .
3  . . . B W . . .
4  . . W B W W . .
5  . . . B B . . .
6  . . . . . . . .
7  . . . . . . . .
Move 10: WHITE played (2, 4), Eval=-5.00

   0 1 2 3 4 5 6 7
0  . . . B . . . .
1  . . B B . . . .
2  . . . B W W . .
3  . . . W W . . .
4  . . W B W W . .
5  . . . B B . . .
6  . . . . . . . .
7  . . . . . . . .
Move 11: BLACK played (3, 5), Eval=6.00

   0 1 2 3 4 5 6 7
0  . . . B . . . .
1  . . B B . . . .
2  . . . B B W . .
3  . . . W W B . .
4  . . W B B W . .
5  . . . B B . . .
6  . . . . . . . .
7  . . . . . . . .
Move 12: WHITE played (3, 6), Eval=-10.00

   0 1 2 3 4 5 6 7
0  . . . B . . . .
1  . . B B . . . .
2  . . . B B W . .
3  . . . W W W W .
4  . . W B B W . .
5  . . . B B . . .
6  . . . . . . . .
7  . . . . . . . .
Move 13: BLACK played (1, 6), Eval=10.00

   0 1 2 3 4 5 6 7
0  . . . B . . . .
1  . . B B . . B .
2  . . . B B B . .
3  . . . W B W W .
4  . . W B B W . .
5  . . . B B . . .
6  . . . . . . . .
7  . . . . . . . .
Move 14: WHITE played (1, 4), Eval=-17.00

   0 1 2 3 4 5 6 7
0  . . . B . . . .
1  . . B B W . B .
2  . . . B B W . .
3  . . . W B W W .
4  . . W B B W . .
5  . . . B B . . .
6  . . . . . . . .
7  . . . . . . . .
Move 15: BLACK played (0, 4), Eval=-3.00

   0 1 2 3 4 5 6 7
0  . . . B B . . .
1  . . B B B . B .
2  . . . B B W . .
3  . . . W B W W .
4  . . W B B W . .
5  . . . B B . . .
6  . . . . . . . .
7  . . . . . . . .
Move 16: WHITE played (1, 5), Eval=-30.00

   0 1 2 3 4 5 6 7
0  . . . B B . . .
1  . . B B B W B .
2  . . . B W W . .
3  . . . W B W W .
4  . . W B B W . .
5  . . . B B . . .
6  . . . . . . . .
7  . . . . . . . .
Move 17: BLACK played (4, 6), Eval=-17.00

   0 1 2 3 4 5 6 7
0  . . . B B . . .
1  . . B B B W B .
2  . . . B B W . .
3  . . . W B B W .
4  . . W B B B B .
5  . . . B B . . .
6  . . . . . . . .
7  . . . . . . . .
Move 18: WHITE played (2, 2), Eval=-29.00

   0 1 2 3 4 5 6 7
0  . . . B B . . .
1  . . B B B W B .
2  . . W W W W . .
3  . . . W B B W .
4  . . W B B B B .
5  . . . B B . . .
6  . . . . . . . .
7  . . . . . . . .
Move 19: BLACK played (0, 5), Eval=-20.00

   0 1 2 3 4 5 6 7
0  . . . B B B . .
1  . . B B B B B .
2  . . W W W B . .
3  . . . W B B W .
4  . . W B B B B .
5  . . . B B . . .
6  . . . . . . . .
7  . . . . . . . .
Move 20: WHITE played (2, 6), Eval=-31.00

   0 1 2 3 4 5 6 7
0  . . . B B B . .
1  . . B B B B B .
2  . . W W W W W .
3  . . . W B B W .
4  . . W B B B B .
5  . . . B B . . .
6  . . . . . . . .
7  . . . . . . . .
Game Over — BLACK: 16, WHITE: 8, Winner: BLACK 🏴
