
=== Game 3: minimax (Black) vs minimax (White) ===
minimax (BLACK) plays (2, 3) [0.037s]
minimax (WHITE) plays (4, 2) [0.059s]
minimax (BLACK) plays (5, 3) [0.080s]
minimax (WHITE) plays (2, 4) [0.082s]
minimax (BLACK) plays (3, 1) [0.183s]
minimax (WHITE) plays (5, 1) [0.206s]
minimax (BLACK) plays (4, 1) [0.175s]
minimax (WHITE) plays (4, 0) [0.249s]
minimax (BLACK) plays (2, 5) [0.112s]
minimax (WHITE) plays (1, 4) [0.217s]
minimax (BLACK) plays (0, 3) [0.128s]
minimax (WHITE) plays (0, 4) [0.169s]
minimax (BLACK) plays (3, 5) [0.208s]
minimax (WHITE) plays (3, 2) [0.292s]
minimax (BLACK) plays (5, 2) [0.129s]
minimax (WHITE) plays (0, 2) [0.136s]
minimax (BLACK) plays (2, 1) [0.151s]
minimax (WHITE) plays (2, 0) [0.324s]
minimax (BLACK) plays (3, 0) [0.211s]
minimax (WHITE) plays (5, 0) [0.209s]
minimax (BLACK) plays (1, 2) [0.104s]
minimax (WHITE) plays (1, 3) [0.175s]
minimax (BLACK) plays (1, 0) [0.077s]
minimax (WHITE) plays (0, 0) [0.116s]
minimax (BLACK) plays (2, 2) [0.138s]
minimax (WHITE) plays (1, 5) [0.080s]
minimax (BLACK) plays (0, 5) [0.070s]
minimax (WHITE) plays (0, 6) [0.065s]
minimax (BLACK) plays (1, 6) [0.039s]
minimax (WHITE) plays (6, 2) [0.084s]
minimax (BLACK) plays (7, 1) [0.183s]
minimax (WHITE) plays (7, 3) [0.165s]
minimax (BLACK) plays (7, 2) [0.126s]
minimax (WHITE) plays (7, 0) [0.213s]
minimax (BLACK) plays (6, 1) [0.064s]
minimax (WHITE) plays (5, 5) [0.127s]
minimax (BLACK) plays (4, 5) [0.089s]
minimax (WHITE) plays (6, 0) [0.112s]
minimax (BLACK) plays (6, 6) [0.053s]
minimax (WHITE) plays (1, 1) [0.089s]
minimax (BLACK) plays (0, 1) [0.022s]
minimax (WHITE) plays (2, 7) [0.063s]
minimax (BLACK) plays (1, 7) [0.032s]
minimax (WHITE) plays (5, 4) [0.046s]
minimax (BLACK) plays (3, 7) [0.051s]
minimax (WHITE) plays (0, 7) [0.020s]
minimax (BLACK) plays (3, 6) [0.042s]
minimax (WHITE) plays (6, 3) [0.030s]
minimax (BLACK) plays (6, 4) [0.022s]
minimax (WHITE) plays (7, 5) [0.019s]
minimax (BLACK) plays (7, 4) [0.011s]
minimax (WHITE) plays (2, 6) [0.015s]
minimax (BLACK) plays (7, 6) [0.006s]
minimax (WHITE) plays (5, 6) [0.011s]
minimax (BLACK) plays (5, 7) [0.007s]
minimax (WHITE) plays (6, 5) [0.006s]
minimax (BLACK) plays (4, 6) [0.002s]
minimax (WHITE) plays (7, 7) [0.002s]
minimax (BLACK) passes.
minimax (WHITE) plays (6, 7) [0.001s]
minimax (BLACK) passes.
minimax (WHITE) plays (4, 7) [0.000s]
Final: BLACK 10 - WHITE 54  |  minimax wins
