
=== Game 2: minimax (Black) vs random (White) ===
minimax (BLACK) plays (2, 3) [0.038s]
random (WHITE) plays (2, 2) [0.000s]
minimax (BLACK) plays (3, 2) [0.044s]
random (WHITE) plays (2, 4) [0.000s]
minimax (BLACK) plays (1, 1) [0.169s]
random (WHITE) plays (2, 1) [0.000s]
minimax (BLACK) plays (1, 2) [0.165s]
random (WHITE) plays (0, 1) [0.000s]
minimax (BLACK) plays (5, 5) [0.167s]
random (WHITE) plays (4, 2) [0.000s]
minimax (BLACK) plays (2, 5) [0.139s]
random (WHITE) plays (6, 6) [0.000s]
minimax (BLACK) plays (4, 5) [0.231s]
random (WHITE) plays (5, 3) [0.000s]
minimax (BLACK) plays (6, 5) [0.226s]
random (WHITE) plays (6, 4) [0.000s]
minimax (BLACK) plays (7, 5) [0.254s]
random (WHITE) plays (5, 6) [0.000s]
minimax (BLACK) plays (6, 7) [0.384s]
random (WHITE) plays (2, 6) [0.000s]
minimax (BLACK) plays (7, 3) [0.210s]
random (WHITE) plays (3, 5) [0.000s]
minimax (BLACK) plays (4, 7) [0.171s]
random (WHITE) plays (7, 7) [0.000s]
minimax (BLACK) plays (5, 7) [0.143s]
random (WHITE) plays (3, 7) [0.000s]
minimax (BLACK) plays (5, 4) [0.079s]
random (WHITE) plays (6, 3) [0.000s]
minimax (BLACK) plays (5, 2) [0.076s]
random (WHITE) plays (4, 1) [0.000s]
minimax (BLACK) plays (3, 6) [0.219s]
random (WHITE) plays (2, 7) [0.000s]
minimax (BLACK) plays (7, 6) [0.161s]
random (WHITE) plays (7, 4) [0.000s]
minimax (BLACK) plays (5, 1) [0.144s]
random (WHITE) plays (6, 1) [0.000s]
minimax (BLACK) plays (3, 1) [0.125s]
random (WHITE) plays (4, 6) [0.000s]
minimax (BLACK) plays (6, 2) [0.246s]
random (WHITE) plays (7, 1) [0.000s]
minimax (BLACK) plays (7, 2) [0.240s]
random (WHITE) plays (2, 0) [0.000s]
minimax (BLACK) plays (6, 0) [0.050s]
random (WHITE) plays (7, 0) [0.000s]
minimax (BLACK) plays (5, 0) [0.042s]
random (WHITE) plays (4, 0) [0.000s]
minimax (BLACK) plays (0, 2) [0.014s]
random (WHITE) plays (0, 3) [0.000s]
minimax (BLACK) plays (1, 4) [0.025s]
random (WHITE) plays (0, 4) [0.000s]
minimax (BLACK) plays (1, 5) [0.018s]
random (WHITE) plays (0, 6) [0.000s]
minimax (BLACK) plays (3, 0) [0.010s]
random (WHITE) plays (1, 3) [0.000s]
minimax (BLACK) plays (0, 5) [0.004s]
random (WHITE) passes.
minimax (BLACK) plays (1, 0) [0.004s]
random (WHITE) plays (0, 0) [0.000s]
minimax (BLACK) plays (0, 7) [0.001s]
random (WHITE) passes.
minimax (BLACK) plays (1, 6) [0.001s]
random (WHITE) plays (1, 7) [0.000s]
Final: BLACK 15 - WHITE 49  |  random wins
