
=== Game 2: minimax (Black) vs mcts (White) ===
minimax (BLACK) plays (2, 3) [0.035s]
mcts (WHITE) plays (2, 4) [2.002s]
minimax (BLACK) plays (2, 5) [0.062s]
mcts (WHITE) plays (1, 4) [2.002s]
minimax (BLACK) plays (3, 5) [0.150s]
mcts (WHITE) plays (4, 2) [2.002s]
minimax (BLACK) plays (0, 4) [0.108s]
mcts (WHITE) plays (1, 3) [2.000s]
minimax (BLACK) plays (3, 2) [0.133s]
mcts (WHITE) plays (2, 1) [2.002s]
minimax (BLACK) plays (5, 4) [0.213s]
mcts (WHITE) plays (6, 5) [2.002s]
minimax (BLACK) plays (6, 4) [0.188s]
mcts (WHITE) plays (1, 5) [2.001s]
minimax (BLACK) plays (5, 3) [0.225s]
mcts (WHITE) plays (6, 3) [2.002s]
minimax (BLACK) plays (2, 2) [0.388s]
mcts (WHITE) plays (5, 5) [2.000s]
minimax (BLACK) plays (7, 4) [0.182s]
mcts (WHITE) plays (1, 2) [2.000s]
minimax (BLACK) plays (7, 3) [0.481s]
mcts (WHITE) plays (4, 5) [2.000s]
minimax (BLACK) plays (0, 3) [0.159s]
mcts (WHITE) plays (6, 2) [2.001s]
minimax (BLACK) plays (0, 5) [0.139s]
mcts (WHITE) plays (0, 2) [2.001s]
minimax (BLACK) plays (0, 1) [0.109s]
mcts (WHITE) plays (1, 1) [2.001s]
minimax (BLACK) plays (0, 0) [0.120s]
mcts (WHITE) plays (1, 0) [2.001s]
minimax (BLACK) plays (7, 2) [0.102s]
mcts (WHITE) plays (3, 1) [2.000s]
minimax (BLACK) plays (0, 6) [0.097s]
mcts (WHITE) plays (1, 6) [2.000s]
minimax (BLACK) plays (3, 6) [0.082s]
mcts (WHITE) plays (4, 6) [2.000s]
minimax (BLACK) plays (0, 7) [0.090s]
mcts (WHITE) plays (2, 7) [2.000s]
minimax (BLACK) plays (2, 6) [0.071s]
mcts (WHITE) plays (1, 7) [2.000s]
minimax (BLACK) plays (2, 0) [0.054s]
mcts (WHITE) plays (3, 0) [2.000s]
minimax (BLACK) plays (4, 0) [0.045s]
mcts (WHITE) plays (4, 1) [2.000s]
minimax (BLACK) plays (5, 0) [0.037s]
mcts (WHITE) plays (5, 1) [2.000s]
minimax (BLACK) plays (6, 1) [0.031s]
mcts (WHITE) plays (6, 0) [2.000s]
minimax (BLACK) plays (5, 2) [0.021s]
mcts (WHITE) plays (7, 1) [2.000s]
minimax (BLACK) plays (7, 0) [0.016s]
mcts (WHITE) passes.
minimax (BLACK) plays (7, 5) [0.011s]
mcts (WHITE) plays (6, 6) [2.000s]
minimax (BLACK) plays (7, 7) [0.007s]
mcts (WHITE) plays (6, 7) [2.000s]
minimax (BLACK) plays (3, 7) [0.003s]
mcts (WHITE) plays (5, 6) [2.000s]
minimax (BLACK) plays (7, 6) [0.001s]
mcts (WHITE) plays (4, 7) [2.000s]
minimax (BLACK) plays (5, 7) [0.000s]
Final: BLACK 52 - WHITE 12  |  minimax wins
