
=== Game 2: minimax (Black) vs minimax (White) ===
minimax (BLACK) plays (2, 3) [0.037s]
minimax (WHITE) plays (4, 2) [0.058s]
minimax (BLACK) plays (5, 3) [0.080s]
minimax (WHITE) plays (2, 4) [0.082s]
minimax (BLACK) plays (3, 1) [0.186s]
minimax (WHITE) plays (5, 1) [0.201s]
minimax (BLACK) plays (4, 1) [0.172s]
minimax (WHITE) plays (4, 0) [0.246s]
minimax (BLACK) plays (2, 5) [0.109s]
minimax (WHITE) plays (1, 4) [0.212s]
minimax (BLACK) plays (0, 3) [0.124s]
minimax (WHITE) plays (0, 4) [0.164s]
minimax (BLACK) plays (3, 5) [0.205s]
minimax (WHITE) plays (3, 2) [0.279s]
minimax (BLACK) plays (5, 2) [0.126s]
minimax (WHITE) plays (0, 2) [0.133s]
minimax (BLACK) plays (2, 1) [0.149s]
minimax (WHITE) plays (2, 0) [0.316s]
minimax (BLACK) plays (3, 0) [0.199s]
minimax (WHITE) plays (5, 0) [0.189s]
minimax (BLACK) plays (1, 2) [0.100s]
minimax (WHITE) plays (1, 3) [0.161s]
minimax (BLACK) plays (1, 0) [0.073s]
minimax (WHITE) plays (0, 0) [0.104s]
minimax (BLACK) plays (2, 2) [0.108s]
minimax (WHITE) plays (1, 5) [0.068s]
minimax (BLACK) plays (0, 5) [0.068s]
minimax (WHITE) plays (0, 6) [0.068s]
minimax (BLACK) plays (1, 6) [0.040s]
minimax (WHITE) plays (6, 2) [0.086s]
minimax (BLACK) plays (7, 1) [0.185s]
minimax (WHITE) plays (7, 3) [0.170s]
minimax (BLACK) plays (7, 2) [0.130s]
minimax (WHITE) plays (7, 0) [0.213s]
minimax (BLACK) plays (6, 1) [0.062s]
minimax (WHITE) plays (5, 5) [0.123s]
minimax (BLACK) plays (4, 5) [0.087s]
minimax (WHITE) plays (6, 0) [0.111s]
minimax (BLACK) plays (6, 6) [0.053s]
minimax (WHITE) plays (1, 1) [0.089s]
minimax (BLACK) plays (0, 1) [0.022s]
minimax (WHITE) plays (2, 7) [0.064s]
minimax (BLACK) plays (1, 7) [0.032s]
minimax (WHITE) plays (5, 4) [0.046s]
minimax (BLACK) plays (3, 7) [0.049s]
minimax (WHITE) plays (0, 7) [0.019s]
minimax (BLACK) plays (3, 6) [0.041s]
minimax (WHITE) plays (6, 3) [0.030s]
minimax (BLACK) plays (6, 4) [0.021s]
minimax (WHITE) plays (7, 5) [0.019s]
minimax (BLACK) plays (7, 4) [0.012s]
minimax (WHITE) plays (2, 6) [0.015s]
minimax (BLACK) plays (7, 6) [0.006s]
minimax (WHITE) plays (5, 6) [0.010s]
minimax (BLACK) plays (5, 7) [0.007s]
minimax (WHITE) plays (6, 5) [0.006s]
minimax (BLACK) plays (4, 6) [0.001s]
minimax (WHITE) plays (7, 7) [0.002s]
minimax (BLACK) passes.
minimax (WHITE) plays (6, 7) [0.001s]
minimax (BLACK) passes.
minimax (WHITE) plays (4, 7) [0.000s]
Final: BLACK 10 - WHITE 54  |  minimax wins
