
=== Game 4: minimax (Black) vs minimax (White) ===
minimax (BLACK) plays (2, 3) [0.037s]
minimax (WHITE) plays (4, 2) [0.059s]
minimax (BLACK) plays (5, 3) [0.081s]
minimax (WHITE) plays (2, 4) [0.083s]
minimax (BLACK) plays (3, 1) [0.185s]
minimax (WHITE) plays (5, 1) [0.205s]
minimax (BLACK) plays (4, 1) [0.173s]
minimax (WHITE) plays (4, 0) [0.247s]
minimax (BLACK) plays (2, 5) [0.109s]
minimax (WHITE) plays (1, 4) [0.213s]
minimax (BLACK) plays (0, 3) [0.125s]
minimax (WHITE) plays (0, 4) [0.171s]
minimax (BLACK) plays (3, 5) [0.209s]
minimax (WHITE) plays (3, 2) [0.280s]
minimax (BLACK) plays (5, 2) [0.126s]
minimax (WHITE) plays (0, 2) [0.132s]
minimax (BLACK) plays (2, 1) [0.147s]
minimax (WHITE) plays (2, 0) [0.314s]
minimax (BLACK) plays (3, 0) [0.197s]
minimax (WHITE) plays (5, 0) [0.188s]
minimax (BLACK) plays (1, 2) [0.100s]
minimax (WHITE) plays (1, 3) [0.159s]
minimax (BLACK) plays (1, 0) [0.072s]
minimax (WHITE) plays (0, 0) [0.104s]
minimax (BLACK) plays (2, 2) [0.107s]
minimax (WHITE) plays (1, 5) [0.068s]
minimax (BLACK) plays (0, 5) [0.065s]
minimax (WHITE) plays (0, 6) [0.064s]
minimax (BLACK) plays (1, 6) [0.040s]
minimax (WHITE) plays (6, 2) [0.084s]
minimax (BLACK) plays (7, 1) [0.185s]
minimax (WHITE) plays (7, 3) [0.169s]
minimax (BLACK) plays (7, 2) [0.126s]
minimax (WHITE) plays (7, 0) [0.220s]
minimax (BLACK) plays (6, 1) [0.086s]
minimax (WHITE) plays (5, 5) [0.134s]
minimax (BLACK) plays (4, 5) [0.093s]
minimax (WHITE) plays (6, 0) [0.114s]
minimax (BLACK) plays (6, 6) [0.054s]
minimax (WHITE) plays (1, 1) [0.092s]
minimax (BLACK) plays (0, 1) [0.022s]
minimax (WHITE) plays (2, 7) [0.064s]
minimax (BLACK) plays (1, 7) [0.034s]
minimax (WHITE) plays (5, 4) [0.048s]
minimax (BLACK) plays (3, 7) [0.050s]
minimax (WHITE) plays (0, 7) [0.020s]
minimax (BLACK) plays (3, 6) [0.043s]
minimax (WHITE) plays (6, 3) [0.031s]
minimax (BLACK) plays (6, 4) [0.022s]
minimax (WHITE) plays (7, 5) [0.019s]
minimax (BLACK) plays (7, 4) [0.012s]
minimax (WHITE) plays (2, 6) [0.016s]
minimax (BLACK) plays (7, 6) [0.006s]
minimax (WHITE) plays (5, 6) [0.011s]
minimax (BLACK) plays (5, 7) [0.007s]
minimax (WHITE) plays (6, 5) [0.006s]
minimax (BLACK) plays (4, 6) [0.001s]
minimax (WHITE) plays (7, 7) [0.002s]
minimax (BLACK) passes.
minimax (WHITE) plays (6, 7) [0.001s]
minimax (BLACK) passes.
minimax (WHITE) plays (4, 7) [0.001s]
Final: BLACK 10 - WHITE 54  |  minimax wins
