
=== Game 4: minimax (Black) vs random (White) ===
minimax (BLACK) plays (2, 3) [0.036s]
random (WHITE) plays (2, 2) [0.000s]
minimax (BLACK) plays (3, 2) [0.043s]
random (WHITE) plays (2, 4) [0.000s]
minimax (BLACK) plays (1, 1) [0.164s]
random (WHITE) plays (3, 1) [0.000s]
minimax (BLACK) plays (2, 1) [0.140s]
random (WHITE) plays (0, 0) [0.000s]
minimax (BLACK) plays (4, 1) [0.111s]
random (WHITE) plays (2, 0) [0.000s]
minimax (BLACK) plays (1, 0) [0.092s]
random (WHITE) plays (5, 0) [0.000s]
minimax (BLACK) plays (3, 0) [0.084s]
random (WHITE) plays (4, 0) [0.000s]
minimax (BLACK) plays (4, 5) [0.068s]
random (WHITE) plays (5, 6) [0.000s]
minimax (BLACK) plays (4, 6) [0.104s]
random (WHITE) plays (3, 6) [0.000s]
minimax (BLACK) plays (4, 7) [0.109s]
random (WHITE) plays (5, 5) [0.000s]
minimax (BLACK) plays (0, 1) [0.123s]
random (WHITE) plays (1, 2) [0.000s]
minimax (BLACK) plays (6, 4) [0.111s]
random (WHITE) plays (4, 2) [0.000s]
minimax (BLACK) plays (6, 6) [0.067s]
random (WHITE) plays (0, 2) [0.000s]
minimax (BLACK) plays (2, 7) [0.021s]
random (WHITE) plays (6, 7) [0.000s]
minimax (BLACK) plays (6, 5) [0.059s]
random (WHITE) plays (7, 5) [0.000s]
minimax (BLACK) plays (7, 4) [0.041s]
random (WHITE) plays (3, 7) [0.000s]
minimax (BLACK) plays (5, 4) [0.054s]
random (WHITE) plays (7, 7) [0.000s]
minimax (BLACK) plays (1, 4) [0.045s]
random (WHITE) plays (1, 5) [0.000s]
minimax (BLACK) plays (1, 6) [0.055s]
random (WHITE) plays (0, 6) [0.000s]
minimax (BLACK) plays (5, 2) [0.034s]
random (WHITE) plays (0, 4) [0.000s]
minimax (BLACK) plays (7, 6) [0.035s]
random (WHITE) plays (1, 7) [0.000s]
minimax (BLACK) plays (1, 3) [0.026s]
random (WHITE) plays (6, 2) [0.000s]
minimax (BLACK) plays (0, 5) [0.040s]
random (WHITE) plays (2, 6) [0.000s]
minimax (BLACK) plays (3, 5) [0.032s]
random (WHITE) plays (6, 3) [0.000s]
minimax (BLACK) plays (5, 3) [0.033s]
random (WHITE) plays (2, 5) [0.000s]
minimax (BLACK) plays (7, 3) [0.017s]
random (WHITE) plays (0, 3) [0.000s]
minimax (BLACK) plays (5, 7) [0.011s]
random (WHITE) plays (7, 2) [0.000s]
minimax (BLACK) plays (5, 1) [0.005s]
random (WHITE) plays (6, 1) [0.000s]
minimax (BLACK) plays (7, 1) [0.002s]
random (WHITE) plays (7, 0) [0.000s]
minimax (BLACK) plays (6, 0) [0.001s]
random (WHITE) passes.
minimax (BLACK) plays (0, 7) [0.000s]
Final: BLACK 25 - WHITE 39  |  random wins
