
=== Game 1: minimax (Black) vs greedy (White) ===
minimax (BLACK) plays (2, 3) [0.037s]
greedy (WHITE) plays (2, 2) [0.001s]
minimax (BLACK) plays (3, 2) [0.043s]
greedy (WHITE) plays (2, 4) [0.000s]
minimax (BLACK) plays (1, 1) [0.165s]
greedy (WHITE) plays (3, 1) [0.001s]
minimax (BLACK) plays (2, 1) [0.142s]
greedy (WHITE) plays (4, 1) [0.001s]
minimax (BLACK) plays (4, 2) [0.253s]
greedy (WHITE) plays (5, 1) [0.001s]
minimax (BLACK) plays (5, 2) [0.349s]
greedy (WHITE) plays (5, 3) [0.001s]
minimax (BLACK) plays (5, 4) [0.239s]
greedy (WHITE) plays (1, 2) [0.001s]
minimax (BLACK) plays (4, 5) [0.199s]
greedy (WHITE) plays (4, 6) [0.002s]
minimax (BLACK) plays (3, 6) [0.195s]
greedy (WHITE) plays (5, 6) [0.002s]
minimax (BLACK) plays (1, 3) [0.237s]
greedy (WHITE) plays (0, 3) [0.002s]
minimax (BLACK) plays (5, 5) [0.329s]
greedy (WHITE) plays (3, 5) [0.002s]
minimax (BLACK) plays (0, 4) [0.428s]
greedy (WHITE) plays (0, 0) [0.002s]
minimax (BLACK) plays (1, 0) [0.153s]
greedy (WHITE) plays (3, 0) [0.002s]
minimax (BLACK) plays (3, 7) [0.116s]
greedy (WHITE) plays (0, 5) [0.002s]
minimax (BLACK) plays (2, 5) [0.127s]
greedy (WHITE) plays (4, 7) [0.002s]
minimax (BLACK) plays (4, 0) [0.105s]
greedy (WHITE) plays (0, 2) [0.002s]
minimax (BLACK) plays (2, 0) [0.098s]
greedy (WHITE) plays (2, 7) [0.002s]
minimax (BLACK) plays (6, 4) [0.174s]
greedy (WHITE) plays (5, 0) [0.002s]
minimax (BLACK) plays (1, 5) [0.123s]
greedy (WHITE) plays (1, 4) [0.002s]
minimax (BLACK) plays (6, 2) [0.148s]
greedy (WHITE) plays (6, 1) [0.002s]
minimax (BLACK) plays (7, 1) [0.076s]
greedy (WHITE) plays (7, 0) [0.001s]
minimax (BLACK) plays (6, 0) [0.066s]
greedy (WHITE) plays (6, 3) [0.001s]
minimax (BLACK) plays (2, 6) [0.049s]
greedy (WHITE) plays (1, 7) [0.001s]
minimax (BLACK) plays (6, 5) [0.041s]
greedy (WHITE) plays (7, 3) [0.001s]
minimax (BLACK) plays (0, 1) [0.034s]
greedy (WHITE) plays (0, 6) [0.001s]
minimax (BLACK) plays (7, 4) [0.049s]
greedy (WHITE) plays (1, 6) [0.001s]
minimax (BLACK) plays (7, 2) [0.024s]
greedy (WHITE) plays (7, 6) [0.000s]
minimax (BLACK) plays (6, 6) [0.008s]
greedy (WHITE) plays (7, 5) [0.000s]
minimax (BLACK) plays (5, 7) [0.004s]
greedy (WHITE) plays (7, 7) [0.000s]
minimax (BLACK) plays (6, 7) [0.001s]
greedy (WHITE) passes.
minimax (BLACK) plays (0, 7) [0.000s]
Final: BLACK 32 - WHITE 32  |  Draw
