
=== Game 3: minimax (Black) vs mcts (White) ===
minimax (BLACK) plays (2, 3) [0.036s]
mcts (WHITE) plays (4, 2) [2.001s]
minimax (BLACK) plays (5, 5) [0.095s]
mcts (WHITE) plays (2, 5) [2.002s]
minimax (BLACK) plays (2, 4) [0.079s]
mcts (WHITE) plays (1, 5) [2.002s]
minimax (BLACK) plays (2, 2) [0.109s]
mcts (WHITE) plays (4, 5) [2.001s]
minimax (BLACK) plays (0, 6) [0.212s]
mcts (WHITE) plays (6, 6) [2.001s]
minimax (BLACK) plays (7, 7) [0.337s]
mcts (WHITE) plays (6, 5) [2.003s]
minimax (BLACK) plays (5, 6) [0.183s]
mcts (WHITE) plays (1, 3) [2.001s]
minimax (BLACK) plays (3, 2) [0.310s]
mcts (WHITE) plays (1, 1) [2.002s]
minimax (BLACK) plays (0, 0) [0.183s]
mcts (WHITE) plays (4, 7) [2.001s]
minimax (BLACK) plays (6, 7) [0.576s]
mcts (WHITE) plays (3, 1) [2.000s]
minimax (BLACK) plays (3, 0) [0.388s]
mcts (WHITE) plays (4, 6) [2.001s]
minimax (BLACK) plays (3, 7) [0.533s]
mcts (WHITE) plays (2, 0) [2.000s]
minimax (BLACK) plays (1, 0) [0.302s]
mcts (WHITE) plays (3, 5) [2.000s]
minimax (BLACK) plays (5, 7) [0.159s]
mcts (WHITE) plays (0, 5) [2.001s]
minimax (BLACK) plays (0, 4) [0.052s]
mcts (WHITE) passes.
minimax (BLACK) plays (1, 2) [0.068s]
mcts (WHITE) plays (1, 4) [2.001s]
minimax (BLACK) plays (5, 1) [0.107s]
mcts (WHITE) plays (5, 2) [2.001s]
minimax (BLACK) plays (0, 3) [0.114s]
mcts (WHITE) plays (5, 0) [2.000s]
minimax (BLACK) plays (2, 1) [0.074s]
mcts (WHITE) plays (0, 2) [2.001s]
minimax (BLACK) plays (0, 1) [0.043s]
mcts (WHITE) plays (1, 6) [2.001s]
minimax (BLACK) plays (4, 0) [0.052s]
mcts (WHITE) passes.
minimax (BLACK) plays (4, 1) [0.049s]
mcts (WHITE) plays (5, 4) [2.000s]
minimax (BLACK) plays (0, 7) [0.044s]
mcts (WHITE) plays (1, 7) [2.000s]
minimax (BLACK) plays (2, 7) [0.027s]
mcts (WHITE) plays (3, 6) [2.000s]
minimax (BLACK) plays (2, 6) [0.017s]
mcts (WHITE) passes.
minimax (BLACK) plays (6, 0) [0.012s]
mcts (WHITE) passes.
minimax (BLACK) plays (6, 3) [0.008s]
mcts (WHITE) plays (6, 4) [2.000s]
minimax (BLACK) plays (5, 3) [0.005s]
mcts (WHITE) plays (6, 2) [2.000s]
minimax (BLACK) plays (7, 1) [0.004s]
mcts (WHITE) plays (6, 1) [2.000s]
minimax (BLACK) plays (7, 0) [0.002s]
mcts (WHITE) passes.
minimax (BLACK) plays (7, 2) [0.001s]
mcts (WHITE) passes.
minimax (BLACK) plays (7, 6) [0.001s]
mcts (WHITE) passes.
minimax (BLACK) plays (7, 4) [0.001s]
Final: BLACK 61 - WHITE 1  |  minimax wins
