
=== Game 1: minimax (Black) vs minimax (White) ===
minimax (BLACK) plays (2, 3) [0.038s]
minimax (WHITE) plays (4, 2) [0.062s]
minimax (BLACK) plays (5, 3) [0.084s]
minimax (WHITE) plays (2, 4) [0.085s]
minimax (BLACK) plays (3, 1) [0.194s]
minimax (WHITE) plays (5, 1) [0.203s]
minimax (BLACK) plays (4, 1) [0.173s]
minimax (WHITE) plays (4, 0) [0.248s]
minimax (BLACK) plays (2, 5) [0.109s]
minimax (WHITE) plays (1, 4) [0.212s]
minimax (BLACK) plays (0, 3) [0.123s]
minimax (WHITE) plays (0, 4) [0.164s]
minimax (BLACK) plays (3, 5) [0.204s]
minimax (WHITE) plays (3, 2) [0.281s]
minimax (BLACK) plays (5, 2) [0.125s]
minimax (WHITE) plays (0, 2) [0.131s]
minimax (BLACK) plays (2, 1) [0.148s]
minimax (WHITE) plays (2, 0) [0.312s]
minimax (BLACK) plays (3, 0) [0.199s]
minimax (WHITE) plays (5, 0) [0.190s]
minimax (BLACK) plays (1, 2) [0.100s]
minimax (WHITE) plays (1, 3) [0.161s]
minimax (BLACK) plays (1, 0) [0.073s]
minimax (WHITE) plays (0, 0) [0.105s]
minimax (BLACK) plays (2, 2) [0.106s]
minimax (WHITE) plays (1, 5) [0.066s]
minimax (BLACK) plays (0, 5) [0.064s]
minimax (WHITE) plays (0, 6) [0.063s]
minimax (BLACK) plays (1, 6) [0.038s]
minimax (WHITE) plays (6, 2) [0.084s]
minimax (BLACK) plays (7, 1) [0.179s]
minimax (WHITE) plays (7, 3) [0.165s]
minimax (BLACK) plays (7, 2) [0.123s]
minimax (WHITE) plays (7, 0) [0.209s]
minimax (BLACK) plays (6, 1) [0.062s]
minimax (WHITE) plays (5, 5) [0.125s]
minimax (BLACK) plays (4, 5) [0.088s]
minimax (WHITE) plays (6, 0) [0.111s]
minimax (BLACK) plays (6, 6) [0.052s]
minimax (WHITE) plays (1, 1) [0.088s]
minimax (BLACK) plays (0, 1) [0.021s]
minimax (WHITE) plays (2, 7) [0.062s]
minimax (BLACK) plays (1, 7) [0.032s]
minimax (WHITE) plays (5, 4) [0.046s]
minimax (BLACK) plays (3, 7) [0.049s]
minimax (WHITE) plays (0, 7) [0.019s]
minimax (BLACK) plays (3, 6) [0.041s]
minimax (WHITE) plays (6, 3) [0.030s]
minimax (BLACK) plays (6, 4) [0.022s]
minimax (WHITE) plays (7, 5) [0.019s]
minimax (BLACK) plays (7, 4) [0.011s]
minimax (WHITE) plays (2, 6) [0.015s]
minimax (BLACK) plays (7, 6) [0.006s]
minimax (WHITE) plays (5, 6) [0.010s]
minimax (BLACK) plays (5, 7) [0.007s]
minimax (WHITE) plays (6, 5) [0.006s]
minimax (BLACK) plays (4, 6) [0.001s]
minimax (WHITE) plays (7, 7) [0.002s]
minimax (BLACK) passes.
minimax (WHITE) plays (6, 7) [0.001s]
minimax (BLACK) passes.
minimax (WHITE) plays (4, 7) [0.000s]
Final: BLACK 10 - WHITE 54  |  minimax wins
