
=== Game 1: minimax (Black) vs random (White) ===
minimax (BLACK) plays (2, 3) [0.039s]
random (WHITE) plays (2, 2) [0.000s]
minimax (BLACK) plays (3, 2) [0.046s]
random (WHITE) plays (4, 2) [0.000s]
minimax (BLACK) plays (1, 1) [0.151s]
random (WHITE) plays (2, 4) [0.000s]
minimax (BLACK) plays (4, 1) [0.157s]
random (WHITE) plays (2, 1) [0.000s]
minimax (BLACK) plays (3, 1) [0.075s]
random (WHITE) plays (0, 0) [0.000s]
minimax (BLACK) plays (1, 3) [0.114s]
random (WHITE) plays (5, 0) [0.000s]
minimax (BLACK) plays (0, 1) [0.097s]
random (WHITE) plays (1, 0) [0.000s]
minimax (BLACK) plays (2, 0) [0.072s]
random (WHITE) plays (1, 2) [0.000s]
minimax (BLACK) plays (0, 2) [0.068s]
random (WHITE) plays (0, 3) [0.000s]
minimax (BLACK) plays (5, 1) [0.120s]
random (WHITE) plays (3, 0) [0.000s]
minimax (BLACK) plays (5, 5) [0.109s]
random (WHITE) plays (6, 0) [0.000s]
minimax (BLACK) plays (4, 0) [0.134s]
random (WHITE) plays (5, 2) [0.000s]
minimax (BLACK) plays (5, 3) [0.096s]
random (WHITE) plays (6, 3) [0.000s]
minimax (BLACK) plays (6, 4) [0.130s]
random (WHITE) plays (7, 5) [0.000s]
minimax (BLACK) plays (7, 3) [0.080s]
random (WHITE) plays (6, 5) [0.000s]
minimax (BLACK) plays (6, 2) [0.069s]
random (WHITE) plays (4, 6) [0.000s]
minimax (BLACK) plays (5, 4) [0.092s]
random (WHITE) plays (4, 5) [0.000s]
minimax (BLACK) plays (7, 4) [0.167s]
random (WHITE) plays (6, 1) [0.000s]
minimax (BLACK) plays (7, 2) [0.092s]
random (WHITE) plays (7, 1) [0.000s]
minimax (BLACK) plays (3, 5) [0.064s]
random (WHITE) plays (3, 6) [0.000s]
minimax (BLACK) plays (5, 6) [0.051s]
random (WHITE) plays (6, 7) [0.000s]
minimax (BLACK) plays (5, 7) [0.087s]
random (WHITE) plays (6, 6) [0.000s]
minimax (BLACK) plays (4, 7) [0.062s]
random (WHITE) plays (3, 7) [0.000s]
minimax (BLACK) plays (1, 4) [0.044s]
random (WHITE) plays (0, 5) [0.000s]
minimax (BLACK) plays (0, 4) [0.018s]
random (WHITE) plays (2, 5) [0.000s]
minimax (BLACK) plays (0, 6) [0.012s]
random (WHITE) plays (0, 7) [0.000s]
minimax (BLACK) plays (1, 5) [0.012s]
random (WHITE) plays (1, 6) [0.000s]
minimax (BLACK) plays (2, 6) [0.007s]
random (WHITE) plays (2, 7) [0.000s]
minimax (BLACK) plays (1, 7) [0.002s]
random (WHITE) passes.
minimax (BLACK) plays (7, 0) [0.001s]
random (WHITE) passes.
minimax (BLACK) plays (7, 7) [0.001s]
random (WHITE) plays (7, 6) [0.000s]
Final: BLACK 21 - WHITE 43  |  random wins
