
=== Game 1: minimax (Black) vs mcts (White) ===
minimax (BLACK) plays (2, 3) [0.037s]
mcts (WHITE) plays (2, 2) [2.003s]
minimax (BLACK) plays (4, 5) [0.075s]
mcts (WHITE) plays (5, 3) [2.002s]
minimax (BLACK) plays (6, 3) [0.114s]
mcts (WHITE) plays (5, 5) [2.001s]
minimax (BLACK) plays (3, 5) [0.109s]
mcts (WHITE) plays (2, 5) [2.001s]
minimax (BLACK) plays (3, 2) [0.276s]
mcts (WHITE) plays (1, 2) [2.002s]
minimax (BLACK) plays (2, 4) [0.314s]
mcts (WHITE) plays (4, 1) [2.002s]
minimax (BLACK) plays (0, 1) [0.217s]
mcts (WHITE) plays (5, 2) [2.000s]
minimax (BLACK) plays (5, 1) [0.496s]
mcts (WHITE) plays (7, 4) [2.001s]
minimax (BLACK) plays (7, 3) [0.427s]
mcts (WHITE) plays (0, 2) [2.000s]
minimax (BLACK) plays (0, 3) [0.122s]
mcts (WHITE) plays (5, 4) [2.001s]
minimax (BLACK) plays (6, 4) [0.285s]
mcts (WHITE) plays (1, 4) [2.001s]
minimax (BLACK) plays (7, 5) [0.275s]
mcts (WHITE) plays (5, 0) [2.001s]
minimax (BLACK) plays (0, 4) [0.118s]
mcts (WHITE) plays (7, 2) [2.000s]
minimax (BLACK) plays (7, 1) [0.176s]
mcts (WHITE) plays (6, 5) [2.001s]
minimax (BLACK) plays (1, 3) [0.097s]
mcts (WHITE) plays (1, 5) [2.001s]
minimax (BLACK) plays (3, 1) [0.176s]
mcts (WHITE) plays (1, 1) [2.000s]
minimax (BLACK) plays (7, 6) [0.188s]
mcts (WHITE) plays (4, 2) [2.001s]
minimax (BLACK) plays (6, 2) [0.160s]
mcts (WHITE) plays (2, 1) [2.000s]
minimax (BLACK) plays (3, 0) [0.093s]
mcts (WHITE) plays (6, 1) [2.000s]
minimax (BLACK) plays (7, 0) [0.061s]
mcts (WHITE) plays (4, 0) [2.000s]
minimax (BLACK) plays (0, 0) [0.036s]
mcts (WHITE) plays (1, 0) [2.000s]
minimax (BLACK) plays (2, 0) [0.032s]
mcts (WHITE) passes.
minimax (BLACK) plays (6, 0) [0.043s]
mcts (WHITE) passes.
minimax (BLACK) plays (6, 6) [0.025s]
mcts (WHITE) passes.
minimax (BLACK) plays (5, 6) [0.021s]
mcts (WHITE) plays (6, 7) [2.000s]
minimax (BLACK) plays (5, 7) [0.018s]
mcts (WHITE) plays (4, 7) [2.000s]
minimax (BLACK) plays (4, 6) [0.011s]
mcts (WHITE) plays (3, 6) [2.000s]
minimax (BLACK) plays (0, 5) [0.005s]
mcts (WHITE) plays (1, 6) [2.000s]
minimax (BLACK) plays (0, 7) [0.003s]
mcts (WHITE) plays (1, 7) [2.000s]
minimax (BLACK) plays (3, 7) [0.001s]
mcts (WHITE) plays (2, 7) [2.000s]
minimax (BLACK) plays (7, 7) [0.001s]
mcts (WHITE) passes.
minimax (BLACK) plays (0, 6) [0.000s]
mcts (WHITE) passes.
minimax (BLACK) plays (2, 6) [0.000s]
Final: BLACK 61 - WHITE 3  |  minimax wins
